<?xml version="1.0" encoding="UTF-8"?>
<!-- Generated by org.testng.reporters.JUnitReportReporter -->
<testsuite hostname="vj" name="grid.Automation" tests="1" failures="0" timestamp="18 Aug 2017 00:10:42 GMT" time="25.385" errors="0">
  <testcase name="HomePageTest" time="25.385" classname="grid.Automation"/>
</testsuite> <!-- grid.Automation -->
